<?xml version="1.0" encoding="UTF-8"?>
<!-- Generated by org.testng.reporters.JUnitXMLReporter -->
<testsuite ignored="0" hostname="DESKTOP-0FPO0BM" failures="0" tests="5" name="Test" time="28.591" errors="0" timestamp="2024-11-11T12:00:47 IST">
  <testcase classname="annotate_1.shop_1" name="mid_1" time="2.8"/>
  <testcase classname="annotate_1.Home_1$parent_1" name="demo" time="5.282"/>
  <testcase classname="annotate_2.Shope_2$Demo2" name="begin" time="5.503"/>
  <testcase classname="annotate_2.Home_2" name="mid" time="4.932"/>
  <testcase classname="annotate_2.Home_2" name="shop" time="1.553"/>
</testsuite> <!-- Test -->
