<?xml version="1.0" encoding="UTF-8"?>
<testng-results ignored="0" total="1" passed="1" failed="0" skipped="0">
  <reporter-output>
  </reporter-output>
  <suite started-at="2024-11-15T12:01:11 IST" name="Default suite" finished-at="2024-11-15T12:01:17 IST" duration-ms="6593">
    <groups>
    </groups>
    <test started-at="2024-11-15T12:01:11 IST" name="Default test" finished-at="2024-11-15T12:01:17 IST" duration-ms="6593">
      <class name="annotate_1.Home_1">
        <test-method is-config="true" signature="term1()[pri:0, instance:annotate_1.Home_1@449a4f23]" started-at="2024-11-15T12:01:11 IST" name="term1" finished-at="2024-11-15T12:01:11 IST" duration-ms="12" status="PASS">
          <reporter-output>
          </reporter-output>
        </test-method> <!-- term1 -->
        <test-method is-config="true" signature="start()[pri:0, instance:annotate_1.Home_1@449a4f23]" started-at="2024-11-15T12:01:11 IST" name="start" finished-at="2024-11-15T12:01:11 IST" duration-ms="1" status="PASS">
          <reporter-output>
          </reporter-output>
        </test-method> <!-- start -->
        <test-method is-config="true" signature="begin()[pri:0, instance:annotate_1.Home_1@449a4f23]" started-at="2024-11-15T12:01:11 IST" name="begin" finished-at="2024-11-15T12:01:13 IST" duration-ms="1955" status="PASS">
          <reporter-output>
          </reporter-output>
        </test-method> <!-- begin -->
        <test-method signature="demo()[pri:0, instance:annotate_1.Home_1@449a4f23]" started-at="2024-11-15T12:01:13 IST" name="demo" finished-at="2024-11-15T12:01:17 IST" duration-ms="4596" status="PASS">
          <reporter-output>
          </reporter-output>
        </test-method> <!-- demo -->
        <test-method is-config="true" signature="testReporting()[pri:0, instance:annotate_1.Home_1@449a4f23]" started-at="2024-11-15T12:01:17 IST" name="testReporting" finished-at="2024-11-15T12:01:17 IST" duration-ms="1" status="PASS">
          <reporter-output>
          </reporter-output>
        </test-method> <!-- testReporting -->
        <test-method is-config="true" signature="term()[pri:0, instance:annotate_1.Home_1@449a4f23]" started-at="2024-11-15T12:01:17 IST" name="term" finished-at="2024-11-15T12:01:17 IST" duration-ms="0" status="PASS">
          <reporter-output>
          </reporter-output>
        </test-method> <!-- term -->
      </class> <!-- annotate_1.Home_1 -->
    </test> <!-- Default test -->
  </suite> <!-- Default suite -->
</testng-results>
